<?xml version="1.0" encoding="UTF-8"?>
<!-- Generated by org.testng.reporters.JUnitReportReporter -->
<testsuite skipped="0" hostname="idea-PC" name="com.scp.testng.Login" tests="1" failures="0" timestamp="01 Mar 2022 20:29:34 GMT" time="0.003" errors="0">
  <testcase name="EnterCredential" time="0.003" classname="com.scp.testng.Login"/>
</testsuite> <!-- com.scp.testng.Login -->
