<?xml version="1.0" encoding="UTF-8"?>
<!-- Generated by org.testng.reporters.JUnitReportReporter -->
<testsuite skipped="0" hostname="idea-PC" name="com.qa.test.LoginPageTest" tests="2" failures="0" timestamp="25 Feb 2022 10:23:38 GMT" time="7.664" errors="0">
  <testcase name="validateTitle" time="5.130" classname="com.qa.test.LoginPageTest"/>
  <testcase name="validateAdminTabClick" time="2.534" classname="com.qa.test.LoginPageTest"/>
</testsuite> <!-- com.qa.test.LoginPageTest -->
