<?xml version="1.0" encoding="UTF-8"?>
<!-- Generated by org.testng.reporters.JUnitReportReporter -->
<testsuite skipped="0" hostname="idea-PC" name="com.scp.testng.C" tests="2" failures="0" timestamp="02 Mar 2022 06:13:54 GMT" time="0.015" errors="0">
  <testcase name="M" time="0.015" classname="com.scp.testng.C"/>
  <testcase name="N" time="0.000" classname="com.scp.testng.C"/>
</testsuite> <!-- com.scp.testng.C -->
