<?xml version="1.0" encoding="UTF-8"?>
<!-- Generated by org.testng.reporters.JUnitReportReporter -->
<testsuite skipped="0" hostname="idea-PC" name="Web.Web.Demo" tests="1" failures="0" timestamp="06 Sep 2020 10:03:22 GMT" time="13.323" errors="0">
  <testcase name="setup" time="13.323" classname="Web.Web.Demo"/>
</testsuite> <!-- Web.Web.Demo -->
