<?xml version="1.0" encoding="UTF-8"?>
<!-- Generated by org.testng.reporters.JUnitReportReporter -->
<testsuite skipped="0" hostname="idea-PC" name="com.scp.testng.Group" tests="3" failures="0" timestamp="01 Mar 2022 20:26:08 GMT" time="0.004" errors="0">
  <testcase name="first" time="0.001" classname="com.scp.testng.Group"/>
  <testcase name="first" time="0.001" classname="com.scp.testng.Group"/>
  <testcase name="sanity" time="0.002" classname="com.scp.testng.Group"/>
</testsuite> <!-- com.scp.testng.Group -->
