<?xml version="1.0" encoding="UTF-8"?>
<!-- Generated by org.testng.reporters.JUnitReportReporter -->
<testsuite skipped="0" hostname="idea-PC" name="com.qa.test.AdminTest" tests="1" failures="0" timestamp="25 Feb 2022 10:29:13 GMT" time="0.970" errors="0">
  <testcase name="enterSystemUserTest" time="0.970" classname="com.qa.test.AdminTest"/>
</testsuite> <!-- com.qa.test.AdminTest -->
