<?xml version="1.0" encoding="UTF-8"?>
<!-- Generated by org.testng.reporters.JUnitReportReporter -->
<testsuite skipped="0" hostname="idea-PC" name="Web.Web.F" tests="2" failures="0" timestamp="28 Mar 2021 07:48:06 GMT" time="0.016" errors="0">
  <testcase name="Abs" time="0.016" classname="Web.Web.F"/>
  <testcase name="Asb" time="0.000" classname="Web.Web.F"/>
</testsuite> <!-- Web.Web.F -->
