<?xml version="1.0" encoding="UTF-8"?>
<!-- Generated by org.testng.reporters.JUnitReportReporter -->
<testsuite skipped="0" hostname="idea-PC" name="com.scp.testng.B" tests="3" failures="0" timestamp="01 Mar 2022 19:31:43 GMT" time="0.000" errors="0">
  <testcase name="sanity" time="0.000" classname="com.scp.testng.B"/>
  <testcase name="first" time="0.000" classname="com.scp.testng.B"/>
  <testcase name="first" time="0.000" classname="com.scp.testng.B"/>
</testsuite> <!-- com.scp.testng.B -->
